<?xml version="1.0" encoding="UTF-8"?>
<coverage generated="1699554783832" clover="3.2.0">
  <project timestamp="1699554783832" name="All files">
    <metrics statements="19" coveredstatements="18" conditionals="8" coveredconditionals="8" methods="6" coveredmethods="5" elements="33" coveredelements="31" complexity="0" loc="19" ncloc="19" packages="1" files="1" classes="1"/>
    <file name="Form.js" path="/Users/garrick/Non-cloud Documents/lighthouse/scheduler/src/components/Appointment/Form.js">
      <metrics statements="19" coveredstatements="18" conditionals="8" coveredconditionals="8" methods="6" coveredmethods="5"/>
      <line num="7" count="22" type="cond" truecount="2" falsecount="0"/>
      <line num="8" count="22" type="cond" truecount="2" falsecount="0"/>
      <line num="9" count="22" type="stmt"/>
      <line num="12" count="1" type="stmt"/>
      <line num="13" count="1" type="stmt"/>
      <line num="14" count="1" type="stmt"/>
      <line num="18" count="1" type="stmt"/>
      <line num="19" count="1" type="stmt"/>
      <line num="23" count="9" type="cond" truecount="2" falsecount="0"/>
      <line num="24" count="2" type="stmt"/>
      <line num="25" count="2" type="stmt"/>
      <line num="28" count="7" type="cond" truecount="2" falsecount="0"/>
      <line num="29" count="2" type="stmt"/>
      <line num="30" count="2" type="stmt"/>
      <line num="33" count="5" type="stmt"/>
      <line num="34" count="5" type="stmt"/>
      <line num="37" count="22" type="stmt"/>
      <line num="40" count="0" type="stmt"/>
      <line num="48" count="5" type="stmt"/>
    </file>
  </project>
</coverage>
