TN:
SF:/Users/garrick/Non-cloud Documents/lighthouse/scheduler/src/components/Appointment/Form.js
FN:6,Form
FN:11,reset
FN:17,cancel
FN:22,validate
FN:40,(anonymous_4)
FN:47,(anonymous_5)
FNF:6
FNH:5
FNDA:22,Form
FNDA:1,reset
FNDA:1,cancel
FNDA:9,validate
FNDA:0,(anonymous_4)
FNDA:5,(anonymous_5)
DA:7,22
DA:8,22
DA:9,22
DA:12,1
DA:13,1
DA:14,1
DA:18,1
DA:19,1
DA:23,9
DA:24,2
DA:25,2
DA:28,7
DA:29,2
DA:30,2
DA:33,5
DA:34,5
DA:37,22
DA:40,0
DA:48,5
LF:19
LH:18
BRDA:7,0,0,22
BRDA:7,0,1,10
BRDA:8,1,0,22
BRDA:8,1,1,13
BRDA:23,2,0,2
BRDA:23,2,1,7
BRDA:28,3,0,2
BRDA:28,3,1,5
BRF:8
BRH:8
end_of_record
